build/outputs/logs/manifest-merger-debug-report.txt
-- Merging decision tree log ---
manifest
ADDED from src\main\AndroidManifest.xml:1:1-7:12
INJECTED from src\main\AndroidManifest.xml:1:1-7:12
INJECTED from src\main\AndroidManifest.xml:1:1-7:12
INJECTED from src\main\AndroidManifest.xml:1:1-7:12
INJECTED from src\main\AndroidManifest.xml:1:1-7:12
INJECTED from src\main\AndroidManifest.xml:1:1-7:12
INJECTED from src\main\AndroidManifest.xml:1:1-7:12
	package
		ADDED from src\main\AndroidManifest.xml:3:5-43
		INJECTED from src\main\AndroidManifest.xml
		INJECTED from src\main\AndroidManifest.xml
	android:versionName
		INJECTED from src\main\AndroidManifest.xml
		ADDED from src\main\AndroidManifest.xml:1:1-7:12
		INJECTED from src\main\AndroidManifest.xml
	android:versionCode
		INJECTED from src\main\AndroidManifest.xml
		ADDED from src\main\AndroidManifest.xml:1:1-7:12
		INJECTED from src\main\AndroidManifest.xml
	xmlns:android
		ADDED from src\main\AndroidManifest.xml:1:11-69
	android:value
		ADDED from src\main\AndroidManifest.xml:4:5-58
	android:name
		ADDED from src\main\AndroidManifest.xml:2:5-50
uses-permission#android.permission.READ_PHONE_STATE
ADDED from src\main\AndroidManifest.xml:5:5-74
	android:name
		ADDED from src\main\AndroidManifest.xml:5:22-72
application
ADDED from src\main\AndroidManifest.xml:6:5-92
	android:name
		ADDED from src\main\AndroidManifest.xml:6:18-77
uses-sdk
INJECTED from src\main\AndroidManifest.xml reason: use-sdk injection requested
INJECTED from src\main\AndroidManifest.xml
INJECTED from src\main\AndroidManifest.xml
INJECTED from src\main\AndroidManifest.xml
INJECTED from src\main\AndroidManifest.xml
	android:targetSdkVersion
		INJECTED from src\main\AndroidManifest.xml
		ADDED from src\main\AndroidManifest.xml
		INJECTED from src\main\AndroidManifest.xml
	android:minSdkVersion
		INJECTED from src\main\AndroidManifest.xml
		ADDED from src\main\AndroidManifest.xml
		INJECTED from src\main\AndroidManifest.xml